2017-04-12 21:15:32 running Application...
2017-04-12 21:15:32 ../config/main.cfg included
2017-04-12 21:15:32 Done!
2017-04-12 21:15:32 main_controller componet has been created successfully
2017-04-12 21:15:32 running default Action
2017-04-12 21:15:32 Application terminate
2017-04-13 17:57:20 running Application...
2017-04-13 17:57:20 ../config/main.cfg included
2017-04-13 17:57:20 Done!
2017-04-13 17:57:20 main_controller componet has been created successfully
2017-04-13 17:57:20 running default Action
2017-04-13 17:57:20 Application terminate
2017-04-14 18:46:31 running Application...
2017-04-14 18:46:31 ../config/main.cfg included
2017-04-14 18:46:31 Done!
2017-04-14 18:46:31 main_controller componet has been created successfully
2017-04-14 18:46:31 running default Action
2017-04-14 18:46:31 Application terminate
2017-04-17 20:18:38 running Application...
2017-04-17 20:18:38 ../config/main.cfg included
2017-04-17 20:18:38 Done!
2017-04-17 20:18:38 main_controller componet has been created successfully
2017-04-17 20:18:38 running default Action
2017-04-17 20:18:38 Application terminate
